This is LuaHBTeX, Version 1.14.0 (MiKTeX 21.7) (format=lualatex 2021.10.27)  4 NOV 2021 21:32
 restricted system commands enabled.
**Natale.tex
(./Natale.tex
LaTeX2e <2021-06-01> patch level 1
Lua module: luaotfload 2021-05-21 3.18 Lua based OpenType font support
Lua module: lualibs 2021-05-20 2.74 ConTeXt Lua standard libraries.
Lua module: lualibs-extended 2021-05-20 2.74 ConTeXt Lua libraries -- extended c
ollection.
luaotfload | conf : Root cache directory is "/Users/riccardomarinelli/Library/Ap
plication Support/MiKTeX/texmfs/data/luatex-cache/generic/names".
luaotfload | init : Loading fontloader "fontloader-2021-05-20.lua" from kpse-res
olved path "/Users/riccardomarinelli/Library/Application Support/MiKTeX/texmfs/i
nstall/tex/luatex/luaotfload/fontloader-2021-05-20.lua".
Lua-only attribute luaotfload@noligature = 1
Lua-only attribute luaotfload@syllabe = 2
luaotfload | init : Context OpenType loader version 3.116
Inserting `luaotfload.node_processor' at position 1 in `pre_linebreak_filter'.
Inserting `luaotfload.node_processor' at position 1 in `hpack_filter'.
Inserting `luaotfload.glyph_stream' at position 1 in `glyph_stream_provider'.
Inserting `luaotfload.define_font' at position 1 in `define_font'.
Lua-only attribute luaotfload_color_attribute = 3
luaotfload | conf : Root cache directory is "/Users/riccardomarinelli/Library/Ap
plication Support/MiKTeX/texmfs/data/luatex-cache/generic/names".
Inserting `luaotfload.harf.strip_prefix' at position 1 in `find_opentype_file'.
Inserting `luaotfload.harf.strip_prefix' at position 1 in `find_truetype_file'.
Inserting `luaotfload.harf.finalize_vlist' at position 1 in `post_linebreak_filt
er'.
Inserting `luaotfload.harf.finalize_hlist' at position 2 in `hpack_filter'.
Inserting `luaotfload.cleanup_files' at position 1 in `wrapup_run'.
Inserting `luaotfload.harf.finalize_unicode' at position 1 in `finish_pdffile'.
Inserting `luaotfload.glyphinfo' at position 1 in `glyph_info'.
Lua-only attribute luaotfload.letterspace_done = 4
Inserting `luaotfload.aux.set_sscale_dimens' at position 1 in `luaotfload.patch_
font'.
Inserting `luaotfload.aux.set_font_index' at position 2 in `luaotfload.patch_fon
t'.
Inserting `luaotfload.aux.patch_cambria_domh' at position 3 in `luaotfload.patch
_font'.
Inserting `luaotfload.aux.fixup_fontdata' at position 1 in `luaotfload.patch_fon
t_unsafe'.
Inserting `luaotfload.aux.set_capheight' at position 4 in `luaotfload.patch_font
'.
Inserting `luaotfload.aux.set_xheight' at position 5 in `luaotfload.patch_font'.
Inserting `luaotfload.rewrite_fontname' at position 6 in `luaotfload.patch_font'
. L3 programming layer <2021-10-18>
Inserting `tracingstacklevels' at position 1 in `input_level_string'.
("/Users/riccardomarinelli/Library/Application Support/MiKTeX/texmfs/install/te
x/latex/koma-script/scrartcl.cls"
Document Class: scrartcl 2021/06/25 v3.34 KOMA-Script document class (article)

("/Users/riccardomarinelli/Library/Application Support/MiKTeX/texmfs/install/te
x/latex/koma-script/scrkbase.sty"
Package: scrkbase 2021/06/25 v3.34 KOMA-Script package (KOMA-Script-dependent b
asics and keyval usage)

("/Users/riccardomarinelli/Library/Application Support/MiKTeX/texmfs/install/te
x/latex/koma-script/scrbase.sty"
Package: scrbase 2021/06/25 v3.34 KOMA-Script package (KOMA-Script-independent 
basics and keyval usage)

("/Users/riccardomarinelli/Library/Application Support/MiKTeX/texmfs/install/te
x/latex/koma-script/scrlfile.sty"
Package: scrlfile 2021/06/25 v3.34 KOMA-Script package (file load hooks)

("/Users/riccardomarinelli/Library/Application Support/MiKTeX/texmfs/install/te
x/latex/koma-script/scrlfile-hook.sty"
Package: scrlfile-hook 2021/06/25 v3.34 KOMA-Script package (using LaTeX hooks)


("/Users/riccardomarinelli/Library/Application Support/MiKTeX/texmfs/install/te
x/latex/koma-script/scrlogo.sty"
Package: scrlogo 2021/06/25 v3.34 KOMA-Script package (logo)
)))
("/Users/riccardomarinelli/Library/Application Support/MiKTeX/texmfs/install/te
x/latex/graphics/keyval.sty"
Package: keyval 2014/10/28 v1.15 key=value parser (DPC)
\KV@toks@=\toks16
)
Applying: [2021/05/01] Usage of raw or classic option list on input line 252.
Already applied: [0000/00/00] Usage of raw or classic option list on input line
 368.
))
("/Users/riccardomarinelli/Library/Application Support/MiKTeX/texmfs/install/te
x/latex/koma-script/tocbasic.sty"
Package: tocbasic 2021/06/25 v3.34 KOMA-Script package (handling toc-files)
\scr@dte@tocline@numberwidth=\skip47
\scr@dte@tocline@numbox=\box50
)
Package tocbasic Info: babel extension for `toc' omitted
(tocbasic)             because of missing \bbl@set@language on input line 135.
Class scrartcl Info: File `scrsize11pt.clo' used instead of
(scrartcl)           file `scrsize11.clo' to setup font sizes on input line 224
1.

("/Users/riccardomarinelli/Library/Application Support/MiKTeX/texmfs/install/te
x/latex/koma-script/scrsize11pt.clo"
File: scrsize11pt.clo 2021/06/25 v3.34 KOMA-Script font size class option (11pt
)
luaotfload | db : Font names database loaded from /Users/riccardomarinelli/Libra
ry/Application Support/MiKTeX/texmfs/data/luatex-cache/generic/names/luaotfload-
names.luc)
("/Users/riccardomarinelli/Library/Application Support/MiKTeX/texmfs/install/te
x/latex/koma-script/typearea.sty"
Package: typearea 2021/06/25 v3.34 KOMA-Script package (type area)
\ta@bcor=\skip48
\ta@div=\count179
\ta@hblk=\skip49
\ta@vblk=\skip50
\ta@temp=\skip51
\footheight=\skip52
Package typearea Info: These are the values describing the layout:
(typearea)             DIV  = 10
(typearea)             BCOR = 0.0pt
(typearea)             \paperwidth      = 597.50793pt
(typearea)              \textwidth      = 418.25555pt
(typearea)              DIV departure   = -6%
(typearea)              \evensidemargin = 17.3562pt
(typearea)              \oddsidemargin  = 17.3562pt
(typearea)             \paperheight     = 845.04694pt
(typearea)              \textheight     = 595.80026pt
(typearea)              \topmargin      = -25.16531pt
(typearea)              \headheight     = 17.0pt
(typearea)              \headsep        = 20.40001pt
(typearea)              \topskip        = 11.0pt
(typearea)              \footskip       = 47.6pt
(typearea)              \baselineskip   = 13.6pt
(typearea)              on input line 1742.
)
\c@part=\count180
\c@section=\count181
\c@subsection=\count182
\c@subsubsection=\count183
\c@paragraph=\count184
\c@subparagraph=\count185
\scr@dte@section@maxnumwidth=\skip53
Class scrartcl Info: using compatibility default `runin=bysign'
(scrartcl)           for `\section on input line 4851.
Class scrartcl Info: using compatibility default `afterindent=bysign'
(scrartcl)           for `\section on input line 4851.
\scr@dte@part@maxnumwidth=\skip54
Class scrartcl Info: using compatibility default `afterindent=false'
(scrartcl)           for `\part on input line 4859.
\scr@dte@subsection@maxnumwidth=\skip55
Class scrartcl Info: using compatibility default `runin=bysign'
(scrartcl)           for `\subsection on input line 4869.
Class scrartcl Info: using compatibility default `afterindent=bysign'
(scrartcl)           for `\subsection on input line 4869.
\scr@dte@subsubsection@maxnumwidth=\skip56
Class scrartcl Info: using compatibility default `runin=bysign'
(scrartcl)           for `\subsubsection on input line 4879.
Class scrartcl Info: using compatibility default `afterindent=bysign'
(scrartcl)           for `\subsubsection on input line 4879.
\scr@dte@paragraph@maxnumwidth=\skip57
Class scrartcl Info: using compatibility default `runin=bysign'
(scrartcl)           for `\paragraph on input line 4890.
Class scrartcl Info: using compatibility default `afterindent=bysign'
(scrartcl)           for `\paragraph on input line 4890.
\scr@dte@subparagraph@maxnumwidth=\skip58
Class scrartcl Info: using compatibility default `runin=bysign'
(scrartcl)           for `\subparagraph on input line 4900.
Class scrartcl Info: using compatibility default `afterindent=bysign'
(scrartcl)           for `\subparagraph on input line 4900.
\abovecaptionskip=\skip59
\belowcaptionskip=\skip60
\c@pti@nb@sid@b@x=\box51
Package tocbasic Info: babel extension for `lof' omitted
(tocbasic)             because of missing \bbl@set@language on input line 6075.

\scr@dte@figure@maxnumwidth=\skip61
\c@figure=\count186
Package tocbasic Info: babel extension for `lot' omitted
(tocbasic)             because of missing \bbl@set@language on input line 6087.

\scr@dte@table@maxnumwidth=\skip62
\c@table=\count187
Class scrartcl Info: Redefining `\numberline' on input line 6251.
\bibindent=\dimen138
)
("/Users/riccardomarinelli/Library/Application Support/MiKTeX/texmfs/install/te
x/latex/libertine/libertine.sty"
Package: libertine 2020/03/26 (Bob Tennent) Supports Libertine and Biolinum fon
ts for all LaTeX engines.

("/Users/riccardomarinelli/Library/Application Support/MiKTeX/texmfs/install/te
x/generic/iftex/ifxetex.sty"
Package: ifxetex 2019/10/25 v0.7 ifxetex legacy package. Use iftex instead.

("/Users/riccardomarinelli/Library/Application Support/MiKTeX/texmfs/install/te
x/generic/iftex/iftex.sty"
Package: iftex 2020/03/06 v1.0d TeX engine tests
))
("/Users/riccardomarinelli/Library/Application Support/MiKTeX/texmfs/install/te
x/generic/iftex/ifluatex.sty"
Package: ifluatex 2019/10/25 v1.5 ifluatex legacy package. Use iftex instead.
)
("/Users/riccardomarinelli/Library/Application Support/MiKTeX/texmfs/install/te
x/latex/xkeyval/xkeyval.sty"
Package: xkeyval 2020/11/20 v2.8 package option processing (HA)

("/Users/riccardomarinelli/Library/Application Support/MiKTeX/texmfs/install/te
x/generic/xkeyval/xkeyval.tex"
("/Users/riccardomarinelli/Library/Application Support/MiKTeX/texmfs/install/te
x/generic/xkeyval/xkvutils.tex"
\XKV@toks=\toks17
\XKV@tempa@toks=\toks18
)
\XKV@depth=\count188
File: xkeyval.tex 2014/12/03 v2.7a key=value parser (HA)
))
("/Users/riccardomarinelli/Library/Application Support/MiKTeX/texmfs/install/te
x/latex/base/textcomp.sty"
Package: textcomp 2020/02/02 v2.0n Standard LaTeX package
)
("/Users/riccardomarinelli/Library/Application Support/MiKTeX/texmfs/install/te
x/latex/fontspec/fontspec.sty"
("/Users/riccardomarinelli/Library/Application Support/MiKTeX/texmfs/install/te
x/latex/l3packages/xparse/xparse.sty"
("/Users/riccardomarinelli/Library/Application Support/MiKTeX/texmfs/install/te
x/latex/l3kernel/expl3.sty"
Package: expl3 2021-10-18 L3 programming layer (loader) 

("/Users/riccardomarinelli/Library/Application Support/MiKTeX/texmfs/install/te
x/latex/l3backend/l3backend-luatex.def"
File: l3backend-luatex.def 2021-10-18 L3 backend support: PDF output (LuaTeX)
\l__color_backend_stack_int=\count189
\l__pdf_internal_box=\box52
))
Package: xparse 2021-08-27 L3 Experimental document command parser
)
Package: fontspec 2020/02/21 v2.7i Font selection for XeLaTeX and LuaLaTeX
Lua module: fontspec 2020/02/21 2.7i Font selection for XeLaTeX and LuaLaTeX
("/Users/riccardomarinelli/Library/Application Support/MiKTeX/texmfs/install/te
x/latex/fontspec/fontspec-luatex.sty"
Package: fontspec-luatex 2020/02/21 v2.7i Font selection for XeLaTeX and LuaLaT
eX
\l__fontspec_script_int=\count190
\l__fontspec_language_int=\count191
\l__fontspec_strnum_int=\count192
\l__fontspec_tmp_int=\count193
\l__fontspec_tmpa_int=\count194
\l__fontspec_tmpb_int=\count195
\l__fontspec_tmpc_int=\count196
\l__fontspec_em_int=\count197
\l__fontspec_emdef_int=\count198
\l__fontspec_strong_int=\count199
\l__fontspec_strongdef_int=\count266
\l__fontspec_tmpa_dim=\dimen139
\l__fontspec_tmpb_dim=\dimen140
\l__fontspec_tmpc_dim=\dimen141

("/Users/riccardomarinelli/Library/Application Support/MiKTeX/texmfs/install/te
x/latex/base/fontenc.sty"
Package: fontenc 2021/04/29 v2.0v Standard LaTeX package
)
("/Users/riccardomarinelli/Library/Application Support/MiKTeX/texmfs/install/te
x/latex/fontspec/fontspec.cfg")))

Package fontspec Info: Font family 'LinLibertine(0)' created for font
(fontspec)             'LinLibertine' with options [Ligatures = TeX,Extension
(fontspec)             =
(fontspec)             .otf,SmallCapsFeatures={Letters=SmallCaps},Ligatures=TeX
,Numbers
(fontspec)             = {Proportional,OldStyle},Scale = 1,UprightFont =
(fontspec)             *_R,ItalicFont = *_RI,BoldFont = *_RB,BoldItalicFont =
(fontspec)             *_RBI].
(fontspec)              
(fontspec)              This font family consists of the following NFSS
(fontspec)             series/shapes:
(fontspec)              
(fontspec)             - 'normal' (m/n) with NFSS spec.:
(fontspec)             <->s*[1]"[LinLibertine_R.otf]:mode=node;script=latn;lang
uage=dflt;+tlig;+pnum;+onum;"
(fontspec)             - 'small caps'  (m/sc) with NFSS spec.:
(fontspec)             <->s*[1]"[LinLibertine_R.otf]:mode=node;script=latn;lang
uage=dflt;+tlig;+pnum;+onum;+smcp;"
(fontspec)             - 'bold' (b/n) with NFSS spec.:
(fontspec)             <->s*[1]"[LinLibertine_RB.otf]:mode=node;script=latn;lan
guage=dflt;+tlig;+pnum;+onum;"
(fontspec)             - 'bold small caps'  (b/sc) with NFSS spec.:
(fontspec)             <->s*[1]"[LinLibertine_RB.otf]:mode=node;script=latn;lan
guage=dflt;+tlig;+pnum;+onum;+smcp;"
(fontspec)             - 'italic' (m/it) with NFSS spec.:
(fontspec)             <->s*[1]"[LinLibertine_RI.otf]:mode=node;script=latn;lan
guage=dflt;+tlig;+pnum;+onum;"
(fontspec)             - 'italic small caps'  (m/scit) with NFSS spec.:
(fontspec)             <->s*[1]"[LinLibertine_RI.otf]:mode=node;script=latn;lan
guage=dflt;+tlig;+pnum;+onum;+smcp;"
(fontspec)             - 'bold italic' (b/it) with NFSS spec.:
(fontspec)             <->s*[1]"[LinLibertine_RBI.otf]:mode=node;script=latn;la
nguage=dflt;+tlig;+pnum;+onum;"
(fontspec)             - 'bold italic small caps'  (b/scit) with NFSS spec.:
(fontspec)             <->s*[1]"[LinLibertine_RBI.otf]:mode=node;script=latn;la
nguage=dflt;+tlig;+pnum;+onum;+smcp;"

LaTeX Font Info:    Font shape `TU/LinLibertine(0)/m/n' will be
(Font)              scaled to size 10.95pt on input line 308.

Package fontspec Info: Font family 'LinBiolinum(0)' created for font
(fontspec)             'LinBiolinum' with options [Ligatures = TeX,Extension =
(fontspec)             .otf,SmallCapsFeatures={Letters=SmallCaps},Ligatures=TeX
,Numbers
(fontspec)             = {Proportional, OldStyle},Scale = 1,UprightFont =
(fontspec)             *_R,ItalicFont = *_RI,BoldFont = *_RB,BoldItalicFont =
(fontspec)             *_RBO].
(fontspec)              
(fontspec)              This font family consists of the following NFSS
(fontspec)             series/shapes:
(fontspec)              
(fontspec)             - 'normal' (m/n) with NFSS spec.:
(fontspec)             <->s*[1]"[LinBiolinum_R.otf]:mode=node;script=latn;langu
age=dflt;+tlig;+pnum;+onum;"
(fontspec)             - 'small caps'  (m/sc) with NFSS spec.:
(fontspec)             <->s*[1]"[LinBiolinum_R.otf]:mode=node;script=latn;langu
age=dflt;+tlig;+pnum;+onum;+smcp;"
(fontspec)             - 'bold' (b/n) with NFSS spec.:
(fontspec)             <->s*[1]"[LinBiolinum_RB.otf]:mode=node;script=latn;lang
uage=dflt;+tlig;+pnum;+onum;"
(fontspec)             - 'bold small caps'  (b/sc) with NFSS spec.:
(fontspec)             <->s*[1]"[LinBiolinum_RB.otf]:mode=node;script=latn;lang
uage=dflt;+tlig;+pnum;+onum;+smcp;"
(fontspec)             - 'italic' (m/it) with NFSS spec.:
(fontspec)             <->s*[1]"[LinBiolinum_RI.otf]:mode=node;script=latn;lang
uage=dflt;+tlig;+pnum;+onum;"
(fontspec)             - 'italic small caps'  (m/scit) with NFSS spec.:
(fontspec)             <->s*[1]"[LinBiolinum_RI.otf]:mode=node;script=latn;lang
uage=dflt;+tlig;+pnum;+onum;+smcp;"
(fontspec)             - 'bold italic' (b/it) with NFSS spec.:
(fontspec)             <->s*[1]"[LinBiolinum_RBO.otf]:mode=node;script=latn;lan
guage=dflt;+tlig;+pnum;+onum;"
(fontspec)             - 'bold italic small caps'  (b/scit) with NFSS spec.:
(fontspec)             <->s*[1]"[LinBiolinum_RBO.otf]:mode=node;script=latn;lan
guage=dflt;+tlig;+pnum;+onum;+smcp;"


Package fontspec Info: Font family 'LinLibertine(1)' created for font
(fontspec)             'LinLibertine' with options [Ligatures = TeX,Extension
(fontspec)             = .otf,SmallCapsFeatures={Letters=SmallCaps},Numbers =
(fontspec)             {Proportional,OldStyle},Scale = 1,UprightFont =
(fontspec)             *_R,ItalicFont = *_RI,BoldFont = *_RB,BoldItalicFont =
(fontspec)             *_RBI].
(fontspec)              
(fontspec)              This font family consists of the following NFSS
(fontspec)             series/shapes:
(fontspec)              
(fontspec)             - 'normal' (m/n) with NFSS spec.:
(fontspec)             <->s*[1]"[LinLibertine_R.otf]:mode=node;script=latn;lang
uage=dflt;+tlig;+pnum;+onum;"
(fontspec)             - 'small caps'  (m/sc) with NFSS spec.:
(fontspec)             <->s*[1]"[LinLibertine_R.otf]:mode=node;script=latn;lang
uage=dflt;+tlig;+pnum;+onum;+smcp;"
(fontspec)             - 'bold' (b/n) with NFSS spec.:
(fontspec)             <->s*[1]"[LinLibertine_RB.otf]:mode=node;script=latn;lan
guage=dflt;+tlig;+pnum;+onum;"
(fontspec)             - 'bold small caps'  (b/sc) with NFSS spec.:
(fontspec)             <->s*[1]"[LinLibertine_RB.otf]:mode=node;script=latn;lan
guage=dflt;+tlig;+pnum;+onum;+smcp;"
(fontspec)             - 'italic' (m/it) with NFSS spec.:
(fontspec)             <->s*[1]"[LinLibertine_RI.otf]:mode=node;script=latn;lan
guage=dflt;+tlig;+pnum;+onum;"
(fontspec)             - 'italic small caps'  (m/scit) with NFSS spec.:
(fontspec)             <->s*[1]"[LinLibertine_RI.otf]:mode=node;script=latn;lan
guage=dflt;+tlig;+pnum;+onum;+smcp;"
(fontspec)             - 'bold italic' (b/it) with NFSS spec.:
(fontspec)             <->s*[1]"[LinLibertine_RBI.otf]:mode=node;script=latn;la
nguage=dflt;+tlig;+pnum;+onum;"
(fontspec)             - 'bold italic small caps'  (b/scit) with NFSS spec.:
(fontspec)             <->s*[1]"[LinLibertine_RBI.otf]:mode=node;script=latn;la
nguage=dflt;+tlig;+pnum;+onum;+smcp;"


Package fontspec Info: Font family 'LinLibertine(2)' created for font
(fontspec)             'LinLibertine' with options [Ligatures = TeX,Extension
(fontspec)             = .otf,SmallCapsFeatures={Letters=SmallCaps},Numbers =
(fontspec)             { Proportional, OldStyle},Scale = 1,UprightFont =
(fontspec)             *_RZ,ItalicFont = *_RZI,BoldFont = *_RB,BoldItalicFont
(fontspec)             = *_RBI].
(fontspec)              
(fontspec)              This font family consists of the following NFSS
(fontspec)             series/shapes:
(fontspec)              
(fontspec)             - 'normal' (m/n) with NFSS spec.:
(fontspec)             <->s*[1]"[LinLibertine_RZ.otf]:mode=node;script=latn;lan
guage=dflt;+tlig;+pnum;+onum;"
(fontspec)             - 'small caps'  (m/sc) with NFSS spec.:
(fontspec)             <->s*[1]"[LinLibertine_RZ.otf]:mode=node;script=latn;lan
guage=dflt;+tlig;+pnum;+onum;+smcp;"
(fontspec)             - 'bold' (b/n) with NFSS spec.:
(fontspec)             <->s*[1]"[LinLibertine_RB.otf]:mode=node;script=latn;lan
guage=dflt;+tlig;+pnum;+onum;"
(fontspec)             - 'bold small caps'  (b/sc) with NFSS spec.:
(fontspec)             <->s*[1]"[LinLibertine_RB.otf]:mode=node;script=latn;lan
guage=dflt;+tlig;+pnum;+onum;+smcp;"
(fontspec)             - 'italic' (m/it) with NFSS spec.:
(fontspec)             <->s*[1]"[LinLibertine_RZI.otf]:mode=node;script=latn;la
nguage=dflt;+tlig;+pnum;+onum;"
(fontspec)             - 'italic small caps'  (m/scit) with NFSS spec.:
(fontspec)             <->s*[1]"[LinLibertine_RZI.otf]:mode=node;script=latn;la
nguage=dflt;+tlig;+pnum;+onum;+smcp;"
(fontspec)             - 'bold italic' (b/it) with NFSS spec.:
(fontspec)             <->s*[1]"[LinLibertine_RBI.otf]:mode=node;script=latn;la
nguage=dflt;+tlig;+pnum;+onum;"
(fontspec)             - 'bold italic small caps'  (b/scit) with NFSS spec.:
(fontspec)             <->s*[1]"[LinLibertine_RBI.otf]:mode=node;script=latn;la
nguage=dflt;+tlig;+pnum;+onum;+smcp;"


Package fontspec Info: Font family 'LinLibertine(3)' created for font
(fontspec)             'LinLibertine' with options [Ligatures = TeX,Extension
(fontspec)             = .otf,SmallCapsFeatures={Letters=SmallCaps},Numbers =
(fontspec)             {Proportional,Lining},Scale = 1,UprightFont =
(fontspec)             *_R,ItalicFont = *_RI,BoldFont = *_RB,BoldItalicFont =
(fontspec)             *_RBI].
(fontspec)              
(fontspec)              This font family consists of the following NFSS
(fontspec)             series/shapes:
(fontspec)              
(fontspec)             - 'normal' (m/n) with NFSS spec.:
(fontspec)             <->s*[1]"[LinLibertine_R.otf]:mode=node;script=latn;lang
uage=dflt;+tlig;+pnum;+lnum;"
(fontspec)             - 'small caps'  (m/sc) with NFSS spec.:
(fontspec)             <->s*[1]"[LinLibertine_R.otf]:mode=node;script=latn;lang
uage=dflt;+tlig;+pnum;+lnum;+smcp;"
(fontspec)             - 'bold' (b/n) with NFSS spec.:
(fontspec)             <->s*[1]"[LinLibertine_RB.otf]:mode=node;script=latn;lan
guage=dflt;+tlig;+pnum;+lnum;"
(fontspec)             - 'bold small caps'  (b/sc) with NFSS spec.:
(fontspec)             <->s*[1]"[LinLibertine_RB.otf]:mode=node;script=latn;lan
guage=dflt;+tlig;+pnum;+lnum;+smcp;"
(fontspec)             - 'italic' (m/it) with NFSS spec.:
(fontspec)             <->s*[1]"[LinLibertine_RI.otf]:mode=node;script=latn;lan
guage=dflt;+tlig;+pnum;+lnum;"
(fontspec)             - 'italic small caps'  (m/scit) with NFSS spec.:
(fontspec)             <->s*[1]"[LinLibertine_RI.otf]:mode=node;script=latn;lan
guage=dflt;+tlig;+pnum;+lnum;+smcp;"
(fontspec)             - 'bold italic' (b/it) with NFSS spec.:
(fontspec)             <->s*[1]"[LinLibertine_RBI.otf]:mode=node;script=latn;la
nguage=dflt;+tlig;+pnum;+lnum;"
(fontspec)             - 'bold italic small caps'  (b/scit) with NFSS spec.:
(fontspec)             <->s*[1]"[LinLibertine_RBI.otf]:mode=node;script=latn;la
nguage=dflt;+tlig;+pnum;+lnum;+smcp;"

luaotfload | aux : font no 44 (nil) does not define feature smcp for script latn
 with language dflt

Package fontspec Info: Font family 'LinLibertine(4)' created for font
(fontspec)             'LinLibertine' with options [Ligatures = TeX,Extension
(fontspec)             = .otf,SmallCapsFeatures={Letters=SmallCaps},Numbers =
(fontspec)             {Proportional,OldStyle},UprightFont = *_DR,ItalicFont =
(fontspec)             *_RI,BoldFont = *_RB,BoldItalicFont = *_RBI].
(fontspec)              
(fontspec)              This font family consists of the following NFSS
(fontspec)             series/shapes:
(fontspec)              
(fontspec)             - 'normal' (m/n) with NFSS spec.:
(fontspec)             <->"[LinLibertine_DR.otf]:mode=node;script=latn;language
=dflt;+tlig;+pnum;+onum;"
(fontspec)             - 'small caps'  (m/sc) with NFSS spec.: 
(fontspec)             - 'bold' (b/n) with NFSS spec.:
(fontspec)             <->"[LinLibertine_RB.otf]:mode=node;script=latn;language
=dflt;+tlig;+pnum;+onum;"
(fontspec)             - 'bold small caps'  (b/sc) with NFSS spec.:
(fontspec)             <->"[LinLibertine_RB.otf]:mode=node;script=latn;language
=dflt;+tlig;+pnum;+onum;+smcp;"
(fontspec)             - 'italic' (m/it) with NFSS spec.:
(fontspec)             <->"[LinLibertine_RI.otf]:mode=node;script=latn;language
=dflt;+tlig;+pnum;+onum;"
(fontspec)             - 'italic small caps'  (m/scit) with NFSS spec.:
(fontspec)             <->"[LinLibertine_RI.otf]:mode=node;script=latn;language
=dflt;+tlig;+pnum;+onum;+smcp;"
(fontspec)             - 'bold italic' (b/it) with NFSS spec.:
(fontspec)             <->"[LinLibertine_RBI.otf]:mode=node;script=latn;languag
e=dflt;+tlig;+pnum;+onum;"
(fontspec)             - 'bold italic small caps'  (b/scit) with NFSS spec.:
(fontspec)             <->"[LinLibertine_RBI.otf]:mode=node;script=latn;languag
e=dflt;+tlig;+pnum;+onum;+smcp;"


Package fontspec Info: Font family 'LinBiolinum(1)' created for font
(fontspec)             'LinBiolinum' with options [Ligatures = TeX,Extension =
(fontspec)             .otf,SmallCapsFeatures={Letters=SmallCaps},Numbers =
(fontspec)             {Proportional, OldStyle},Scale = 1,UprightFont =
(fontspec)             *_R,ItalicFont = *_RI,BoldFont = *_RB,BoldItalicFont =
(fontspec)             *_RBO].
(fontspec)              
(fontspec)              This font family consists of the following NFSS
(fontspec)             series/shapes:
(fontspec)              
(fontspec)             - 'normal' (m/n) with NFSS spec.:
(fontspec)             <->s*[1]"[LinBiolinum_R.otf]:mode=node;script=latn;langu
age=dflt;+tlig;+pnum;+onum;"
(fontspec)             - 'small caps'  (m/sc) with NFSS spec.:
(fontspec)             <->s*[1]"[LinBiolinum_R.otf]:mode=node;script=latn;langu
age=dflt;+tlig;+pnum;+onum;+smcp;"
(fontspec)             - 'bold' (b/n) with NFSS spec.:
(fontspec)             <->s*[1]"[LinBiolinum_RB.otf]:mode=node;script=latn;lang
uage=dflt;+tlig;+pnum;+onum;"
(fontspec)             - 'bold small caps'  (b/sc) with NFSS spec.:
(fontspec)             <->s*[1]"[LinBiolinum_RB.otf]:mode=node;script=latn;lang
uage=dflt;+tlig;+pnum;+onum;+smcp;"
(fontspec)             - 'italic' (m/it) with NFSS spec.:
(fontspec)             <->s*[1]"[LinBiolinum_RI.otf]:mode=node;script=latn;lang
uage=dflt;+tlig;+pnum;+onum;"
(fontspec)             - 'italic small caps'  (m/scit) with NFSS spec.:
(fontspec)             <->s*[1]"[LinBiolinum_RI.otf]:mode=node;script=latn;lang
uage=dflt;+tlig;+pnum;+onum;+smcp;"
(fontspec)             - 'bold italic' (b/it) with NFSS spec.:
(fontspec)             <->s*[1]"[LinBiolinum_RBO.otf]:mode=node;script=latn;lan
guage=dflt;+tlig;+pnum;+onum;"
(fontspec)             - 'bold italic small caps'  (b/scit) with NFSS spec.:
(fontspec)             <->s*[1]"[LinBiolinum_RBO.otf]:mode=node;script=latn;lan
guage=dflt;+tlig;+pnum;+onum;+smcp;"


Package fontspec Info: Font family 'LinBiolinum(2)' created for font
(fontspec)             'LinBiolinum' with options [Ligatures = TeX,Extension =
(fontspec)             .otf,SmallCapsFeatures={Letters=SmallCaps},Numbers =
(fontspec)             {Proportional, Lining},Scale = 1,UprightFont =
(fontspec)             *_R,ItalicFont = *_RI,BoldFont = *_RB,BoldItalicFont =
(fontspec)             *_RBO].
(fontspec)              
(fontspec)              This font family consists of the following NFSS
(fontspec)             series/shapes:
(fontspec)              
(fontspec)             - 'normal' (m/n) with NFSS spec.:
(fontspec)             <->s*[1]"[LinBiolinum_R.otf]:mode=node;script=latn;langu
age=dflt;+tlig;+pnum;+lnum;"
(fontspec)             - 'small caps'  (m/sc) with NFSS spec.:
(fontspec)             <->s*[1]"[LinBiolinum_R.otf]:mode=node;script=latn;langu
age=dflt;+tlig;+pnum;+lnum;+smcp;"
(fontspec)             - 'bold' (b/n) with NFSS spec.:
(fontspec)             <->s*[1]"[LinBiolinum_RB.otf]:mode=node;script=latn;lang
uage=dflt;+tlig;+pnum;+lnum;"
(fontspec)             - 'bold small caps'  (b/sc) with NFSS spec.:
(fontspec)             <->s*[1]"[LinBiolinum_RB.otf]:mode=node;script=latn;lang
uage=dflt;+tlig;+pnum;+lnum;+smcp;"
(fontspec)             - 'italic' (m/it) with NFSS spec.:
(fontspec)             <->s*[1]"[LinBiolinum_RI.otf]:mode=node;script=latn;lang
uage=dflt;+tlig;+pnum;+lnum;"
(fontspec)             - 'italic small caps'  (m/scit) with NFSS spec.:
(fontspec)             <->s*[1]"[LinBiolinum_RI.otf]:mode=node;script=latn;lang
uage=dflt;+tlig;+pnum;+lnum;+smcp;"
(fontspec)             - 'bold italic' (b/it) with NFSS spec.:
(fontspec)             <->s*[1]"[LinBiolinum_RBO.otf]:mode=node;script=latn;lan
guage=dflt;+tlig;+pnum;+lnum;"
(fontspec)             - 'bold italic small caps'  (b/scit) with NFSS spec.:
(fontspec)             <->s*[1]"[LinBiolinum_RBO.otf]:mode=node;script=latn;lan
guage=dflt;+tlig;+pnum;+lnum;+smcp;"

luaotfload | aux : font no 47 (nil) does not define feature smcp for script latn
 with language dflt
luaotfload | aux : font no 48 (nil) does not define feature smcp for script latn
 with language dflt
luaotfload | aux : font no 49 (nil) does not define feature smcp for script latn
 with language dflt
luaotfload | aux : font no 50 (nil) does not define feature smcp for script latn
 with language dflt

Package fontspec Info: Font family 'LinLibertine(5)' created for font
(fontspec)             'LinLibertine' with options [Extension =
(fontspec)             .otf,HyphenChar=None,WordSpace={1,0,0},HyphenChar=None,P
unctuationSpace=WordSpace,Scale
(fontspec)             = 1,UprightFont = *_M,ItalicFont = *_MO,BoldFont =
(fontspec)             *_MB,BoldItalicFont = *_MBO].
(fontspec)              
(fontspec)              This font family consists of the following NFSS
(fontspec)             series/shapes:
(fontspec)              
(fontspec)             - 'normal' (m/n) with NFSS spec.:
(fontspec)             <->s*[1]"[LinLibertine_M.otf]:mode=node;script=latn;lang
uage=dflt;"
(fontspec)             - 'small caps'  (m/sc) with NFSS spec.: 
(fontspec)             and font adjustment code:
(fontspec)             \fontdimen 2\font =1\fontdimen 2\font \fontdimen 3\font
(fontspec)             =0\fontdimen 3\font \fontdimen 4\font =0\fontdimen
(fontspec)             4\font \fontdimen 7\font =0\fontdimen 2\font
(fontspec)             \tex_hyphenchar:D \font =-1\scan_stop:
(fontspec)             \tex_hyphenchar:D \font =-1\scan_stop: 
(fontspec)             - 'bold' (b/n) with NFSS spec.:
(fontspec)             <->s*[1]"[LinLibertine_MB.otf]:mode=node;script=latn;lan
guage=dflt;"
(fontspec)             - 'bold small caps'  (b/sc) with NFSS spec.: 
(fontspec)             and font adjustment code:
(fontspec)             \fontdimen 2\font =1\fontdimen 2\font \fontdimen 3\font
(fontspec)             =0\fontdimen 3\font \fontdimen 4\font =0\fontdimen
(fontspec)             4\font \fontdimen 7\font =0\fontdimen 2\font
(fontspec)             \tex_hyphenchar:D \font =-1\scan_stop:
(fontspec)             \tex_hyphenchar:D \font =-1\scan_stop: 
(fontspec)             - 'italic' (m/it) with NFSS spec.:
(fontspec)             <->s*[1]"[LinLibertine_MO.otf]:mode=node;script=latn;lan
guage=dflt;"
(fontspec)             - 'italic small caps'  (m/scit) with NFSS spec.: 
(fontspec)             and font adjustment code:
(fontspec)             \fontdimen 2\font =1\fontdimen 2\font \fontdimen 3\font
(fontspec)             =0\fontdimen 3\font \fontdimen 4\font =0\fontdimen
(fontspec)             4\font \fontdimen 7\font =0\fontdimen 2\font
(fontspec)             \tex_hyphenchar:D \font =-1\scan_stop:
(fontspec)             \tex_hyphenchar:D \font =-1\scan_stop: 
(fontspec)             - 'bold italic' (b/it) with NFSS spec.:
(fontspec)             <->s*[1]"[LinLibertine_MBO.otf]:mode=node;script=latn;la
nguage=dflt;"
(fontspec)             - 'bold italic small caps'  (b/scit) with NFSS spec.: 
(fontspec)             and font adjustment code:
(fontspec)             \fontdimen 2\font =1\fontdimen 2\font \fontdimen 3\font
(fontspec)             =0\fontdimen 3\font \fontdimen 4\font =0\fontdimen
(fontspec)             4\font \fontdimen 7\font =0\fontdimen 2\font
(fontspec)             \tex_hyphenchar:D \font =-1\scan_stop:
(fontspec)             \tex_hyphenchar:D \font =-1\scan_stop: 

luaotfload | aux : font no 47 (nil) does not define feature smcp for script latn
 with language dflt
luaotfload | aux : font no 48 (nil) does not define feature smcp for script latn
 with language dflt
luaotfload | aux : font no 49 (nil) does not define feature smcp for script latn
 with language dflt
luaotfload | aux : font no 50 (nil) does not define feature smcp for script latn
 with language dflt

Package fontspec Info: Font family 'LinLibertine(6)' created for font
(fontspec)             'LinLibertine' with options [Extension =
(fontspec)             .otf,HyphenChar=None,Scale = 1,UprightFont =
(fontspec)             *_M,ItalicFont = *_MO,BoldFont = *_MB,BoldItalicFont =
(fontspec)             *_MBO].
(fontspec)              
(fontspec)              This font family consists of the following NFSS
(fontspec)             series/shapes:
(fontspec)              
(fontspec)             - 'normal' (m/n) with NFSS spec.:
(fontspec)             <->s*[1]"[LinLibertine_M.otf]:mode=node;script=latn;lang
uage=dflt;"
(fontspec)             - 'small caps'  (m/sc) with NFSS spec.: 
(fontspec)             and font adjustment code:
(fontspec)             \tex_hyphenchar:D \font =-1\scan_stop: 
(fontspec)             - 'bold' (b/n) with NFSS spec.:
(fontspec)             <->s*[1]"[LinLibertine_MB.otf]:mode=node;script=latn;lan
guage=dflt;"
(fontspec)             - 'bold small caps'  (b/sc) with NFSS spec.: 
(fontspec)             and font adjustment code:
(fontspec)             \tex_hyphenchar:D \font =-1\scan_stop: 
(fontspec)             - 'italic' (m/it) with NFSS spec.:
(fontspec)             <->s*[1]"[LinLibertine_MO.otf]:mode=node;script=latn;lan
guage=dflt;"
(fontspec)             - 'italic small caps'  (m/scit) with NFSS spec.: 
(fontspec)             and font adjustment code:
(fontspec)             \tex_hyphenchar:D \font =-1\scan_stop: 
(fontspec)             - 'bold italic' (b/it) with NFSS spec.:
(fontspec)             <->s*[1]"[LinLibertine_MBO.otf]:mode=node;script=latn;la
nguage=dflt;"
(fontspec)             - 'bold italic small caps'  (b/scit) with NFSS spec.: 
(fontspec)             and font adjustment code:
(fontspec)             \tex_hyphenchar:D \font =-1\scan_stop: 


Package fontspec Info: Font family 'LinBiolinum_K(0)' created for font
(fontspec)             'LinBiolinum_K' with options [Extension =
(fontspec)             .otf,HyphenChar=None,BoldFont={},ItalicFont={},SmallCaps
Font={}].
(fontspec)              
(fontspec)              This font family consists of the following NFSS
(fontspec)             series/shapes:
(fontspec)              
(fontspec)             - 'normal' (m/n) with NFSS spec.:
(fontspec)             <->"[LinBiolinum_K.otf]:mode=node;script=latn;language=d
flt;"
(fontspec)             - 'small caps'  (m/sc) with NFSS spec.: 
(fontspec)             and font adjustment code:
(fontspec)             \tex_hyphenchar:D \font =-1\scan_stop: 


Package fontspec Info: Font family 'LinLibertine_I(0)' created for font
(fontspec)             'LinLibertine_I' with options [Extension =
(fontspec)             .otf,HyphenChar=None,BoldFont={},ItalicFont={},SmallCaps
Font={}].
(fontspec)              
(fontspec)              This font family consists of the following NFSS
(fontspec)             series/shapes:
(fontspec)              
(fontspec)             - 'normal' (m/n) with NFSS spec.:
(fontspec)             <->"[LinLibertine_I.otf]:mode=node;script=latn;language=
dflt;"
(fontspec)             - 'small caps'  (m/sc) with NFSS spec.: 
(fontspec)             and font adjustment code:
(fontspec)             \tex_hyphenchar:D \font =-1\scan_stop: 

LaTeX Info: Redefining \oldstylenums on input line 474.
LaTeX Info: Redefining \liningnums on input line 475.

("/Users/riccardomarinelli/Library/Application Support/MiKTeX/texmfs/install/te
x/latex/libertine/LinLibertine_R.tex")
("/Users/riccardomarinelli/Library/Application Support/MiKTeX/texmfs/install/te
x/latex/libertine/LinBiolinum_R.tex")
("/Users/riccardomarinelli/Library/Application Support/MiKTeX/texmfs/install/te
x/latex/libertine/LinBiolinum_K.tex")
("/Users/riccardomarinelli/Library/Application Support/MiKTeX/texmfs/install/te
x/latex/libertine/LinLibertine_I.tex")
("/Users/riccardomarinelli/Library/Application Support/MiKTeX/texmfs/install/te
x/latex/libertine/LKey.tex"))
("/Users/riccardomarinelli/Library/Application Support/MiKTeX/texmfs/install/te
x/lualatex/gregoriotex/gregoriotex.sty"
Package: gregoriotex 2021/03/13 v6.0.0 GregorioTeX system.

("/Users/riccardomarinelli/Library/Application Support/MiKTeX/texmfs/install/te
x/latex/xcolor/xcolor.sty"
Package: xcolor 2016/05/11 v2.12 LaTeX color extensions (UK)

("/Users/riccardomarinelli/Library/Application Support/MiKTeX/texmfs/install/te
x/latex/graphics-cfg/color.cfg"
File: color.cfg 2016/01/02 v1.6 sample color configuration
)
Package xcolor Info: Driver file: luatex.def on input line 225.

("/Users/riccardomarinelli/Library/Application Support/MiKTeX/texmfs/install/te
x/latex/graphics-def/luatex.def"
File: luatex.def 2021/06/01 v1.2c Graphics/color driver for luatex
)
Package xcolor Info: Model `cmy' substituted by `cmy0' on input line 1348.
Package xcolor Info: Model `hsb' substituted by `rgb' on input line 1352.
Package xcolor Info: Model `RGB' extended on input line 1364.
Package xcolor Info: Model `HTML' substituted by `rgb' on input line 1366.
Package xcolor Info: Model `Hsb' substituted by `hsb' on input line 1367.
Package xcolor Info: Model `tHsb' substituted by `hsb' on input line 1368.
Package xcolor Info: Model `HSB' substituted by `hsb' on input line 1369.
Package xcolor Info: Model `Gray' substituted by `gray' on input line 1370.
Package xcolor Info: Model `wave' substituted by `hsb' on input line 1371.
)
("/Users/riccardomarinelli/Library/Application Support/MiKTeX/texmfs/install/te
x/latex/luacolor/luacolor.sty"
Package: luacolor 2021-02-17 v1.17 Color support via LuaTeX's attributes (HO)
Inserting `luacolor.process' at position 1 in `pre_shipout_filter'.
\LuaCol@Attribute=\attribute5
)
("/Users/riccardomarinelli/Library/Application Support/MiKTeX/texmfs/install/te
x/latex/kvoptions/kvoptions.sty"
Package: kvoptions 2020-10-07 v3.14 Key value format for package options (HO)

("/Users/riccardomarinelli/Library/Application Support/MiKTeX/texmfs/install/te
x/generic/ltxcmds/ltxcmds.sty"
Package: ltxcmds 2020-05-10 v1.25 LaTeX kernel commands for general use (HO)
)
("/Users/riccardomarinelli/Library/Application Support/MiKTeX/texmfs/install/te
x/generic/kvsetkeys/kvsetkeys.sty"
Package: kvsetkeys 2019/12/15 v1.18 Key value parser (HO)
))
("/Users/riccardomarinelli/Library/Application Support/MiKTeX/texmfs/install/te
x/latex/graphics/graphicx.sty"
Package: graphicx 2020/12/05 v1.2c Enhanced LaTeX Graphics (DPC,SPQR)

("/Users/riccardomarinelli/Library/Application Support/MiKTeX/texmfs/install/te
x/latex/graphics/graphics.sty"
Package: graphics 2021/03/04 v1.4d Standard LaTeX Graphics (DPC,SPQR)

("/Users/riccardomarinelli/Library/Application Support/MiKTeX/texmfs/install/te
x/latex/graphics/trig.sty"
Package: trig 2016/01/03 v1.10 sin cos tan (DPC)
)
("/Users/riccardomarinelli/Library/Application Support/MiKTeX/texmfs/install/te
x/latex/graphics-cfg/graphics.cfg"
File: graphics.cfg 2016/06/04 v1.11 sample graphics configuration
)
Package graphics Info: Driver file: luatex.def on input line 107.
)
\Gin@req@height=\dimen142
\Gin@req@width=\dimen143
)
("/Users/riccardomarinelli/Library/Application Support/MiKTeX/texmfs/install/te
x/luatex/luatexbase/luatexbase.sty"
Package: luatexbase 2015/10/04 v1.3 luatexbase interface to LuaTeX 

("/Users/riccardomarinelli/Library/Application Support/MiKTeX/texmfs/install/te
x/luatex/ctablestack/ctablestack.sty"
Package: ctablestack 2015/10/01 v1.0 Catcode table stable support
\@catcodetablestackcnt=\count267
)
\CatcodeTableOther=\catcodetable12
\CatcodeTableExpl=\catcodetable13
)
("/Users/riccardomarinelli/Library/Application Support/MiKTeX/texmfs/install/te
x/luatex/luamplib/luamplib.sty"
Package: luamplib 2021/09/16 v2.21.0 mplib package for LuaTeX
Lua module: luamplib 2021/09/16 2.21.0 Lua package to typeset Metapost with LuaT
eX's MPLib.
\mplibtmptoks=\toks19
\everymplibtoks=\toks20
\everyendmplibtoks=\toks21
\mplibscratchbox=\box53
)
("/Users/riccardomarinelli/Library/Application Support/MiKTeX/texmfs/install/te
x/latex/xstring/xstring.sty"
("/Users/riccardomarinelli/Library/Application Support/MiKTeX/texmfs/install/te
x/generic/xstring/xstring.tex"
\integerpart=\count268
\decimalpart=\count269
)
Package: xstring 2021/07/21 v1.84 String manipulations (CT)
)
("/Users/riccardomarinelli/Library/Application Support/MiKTeX/texmfs/install/te
x/luatex/gregoriotex/gregoriotex-main.tex"
("/Users/riccardomarinelli/Library/Application Support/MiKTeX/texmfs/install/te
x/luatex/gregoriotex/gregoriotex-common.tex")
\gre@attr@dash=\attribute6
\gre@attr@center=\attribute7
\GreScoreId=\attribute8
\gre@attr@glyph@id=\attribute9
\gre@attr@glyph@top=\attribute10
\gre@attr@glyph@bottom=\attribute11
\gre@attr@syllable@id=\attribute12
\gre@atletter=\catcodetable14
Lua module: gregoriotex 2021/03/13 6.0.0 GregorioTeX module.
Custom whatsit marker = 1
Module gregoriotex Info: marker whatsit id is 1 on input line 121

(Natale.gaux)
Module gregoriotex Info: Reading Natale.gaux on input line 125
Inserting `gregoriotex.write_greaux' at position 2 in `finish_pdffile'.
\gre@gaux=\write3
\gre@read@temp=\read2
\gre@factor=\count270

("/Users/riccardomarinelli/Library/Application Support/MiKTeX/texmfs/install/te
x/luatex/gregoriotex/gregoriotex-spaces.tex"
\gre@saved@prescore@hyphenpenalty=\count271
\gre@saved@prescore@exhyphenpenalty=\count272
\gre@saved@prescore@exhyphenchar=\count273
\gre@saved@prescore@doublehyphendemerits=\count274
\gre@saved@prescore@finalhyphendemerits=\count275
\gre@saved@prescore@brokenpenalty=\count276
\gre@saved@prescore@looseness=\count277
\gre@saved@prescore@tolerance=\count278
\gre@saved@prescore@pretolerance=\count279
\gre@saved@prescore@emergencystretch=\skip63
\gre@saved@prescore@widowpenalty=\count280
\gre@saved@prescore@clubpenalty=\count281
\gre@saved@prescore@parskip=\skip64
\gre@saved@prescore@lineskip=\skip65
\gre@saved@prescore@baselineskip=\skip66
\gre@saved@prescore@lineskiplimit=\skip67
\gre@dimen@textlower=\dimen144
\gre@dimen@stafflinewidth=\dimen145
\gre@dimen@linewidth=\dimen146
\gre@dimen@stafflineheight=\dimen147
\gre@dimen@interstafflinespace=\dimen148
\gre@dimen@stafflinediff=\dimen149
\gre@dimen@constantglyphraise=\dimen150
\gre@dimen@staffheight=\dimen151
\gre@skip@syllablefinalskip=\skip68
\gre@skip@minTextDistance=\skip69
\gre@skip@minNotesDistance=\skip70
\gre@dimen@curTextDistance=\dimen152
\gre@dimen@curNotesDistance=\dimen153
\gre@skip@minShiftText=\skip71
\gre@skip@minShiftNotes=\skip72
\gre@dimen@bolshift=\dimen154
\gre@dimen@bolextra=\dimen155
\gre@dimen@clefwidth@current=\dimen156
\gre@dimen@clefwidth@largest=\dimen157
\gre@dimen@clefwidth@bol=\dimen158
\gre@dimen@eolshift=\dimen159
\gre@dimen@glyphraisevalue=\dimen160
\gre@dimen@additionalbottomspace=\dimen161
\gre@dimen@additionaltopspace=\dimen162
\gre@dimen@additionaltopspacealt=\dimen163
\gre@dimen@additionaltopspacenabc=\dimen164
\gre@space@count@additionaltopspacethreshold=\count282
\gre@space@count@additionaltopspacealtthreshold=\count283
\gre@space@count@additionaltopspacenabcthreshold=\count284
\gre@space@count@noteadditionalspacelinestextthreshold=\count285
\gre@saved@prediscretionary@dimen@additionalbottomspace=\dimen165
\gre@saved@prediscretionary@dimen@additionaltopspace=\dimen166
\gre@saved@prediscretionary@dimen@additionaltopspacealt=\dimen167
\gre@saved@prediscretionary@dimen@additionaltopspacenabc=\dimen168
\gre@saved@prediscretionary@dimen@currenttranslationheight=\dimen169
\gre@saved@prediscretionary@dimen@textlower=\dimen170
\gre@saved@prediscretionary@dimen@currentabovelinestextheight=\dimen171
\gre@saved@prediscretionary@dimen@constantglyphraise=\dimen172
\gre@dimen@textaligncenter=\dimen173
\gre@dimen@enddifference=\dimen174
\gre@dimen@previousenddifference=\dimen175
\gre@dimen@currenttranslationheight=\dimen176
\gre@skip@nextbegindifference=\skip73
\gre@dimen@annotationtrueraise=\dimen177
\gre@dimen@commentarytrueraise=\dimen178
\gre@skip@bar@requirement=\skip74
\gre@skip@bar@allocation=\skip75
\gre@dimen@bar@shift=\dimen179
\gre@skip@text@requirement=\skip76
\gre@skip@text@allocation=\skip77
\gre@dimen@text@shift=\dimen180
\gre@dimen@adjustedpreviousenddifference=\dimen181
\gre@skip@adjustednextbegindifference=\dimen182
\gre@skip@punctummorashift=\skip78
\gre@skip@alterationshift=\skip79
\gre@dimen@begindifference=\dimen183
\gre@dimen@lastglyphwidth=\dimen184
\gre@dimen@notesaligncenter=\dimen185
\gre@dimen@additionalleftspace=\dimen186
\gre@dimen@initialwidth=\dimen187
\gre@dimen@currentabovelinestextheight=\dimen188
\gre@dimen@temp@one=\dimen189
\gre@dimen@temp@two=\dimen190
\gre@dimen@temp@three=\dimen191
\gre@dimen@temp@four=\dimen192
\gre@dimen@temp@five=\dimen193
\gre@skip@temp@one=\skip80
\gre@skip@temp@two=\skip81
\gre@skip@temp@three=\skip82
\gre@skip@temp@four=\skip83
\gre@count@temp@one=\count286
\gre@count@temp@two=\count287
\gre@count@temp@three=\count288
\gre@space@count@newlinepenalty=\count289
\gre@space@count@nobreakpenalty=\count290
\gre@space@count@endofwordpenalty=\count291
\gre@space@count@endofsyllablepenalty=\count292
\gre@space@count@endafterbarpenalty=\count293
\gre@space@count@endafterbaraltpenalty=\count294
\gre@space@count@finalpenalty=\count295
\gre@space@count@endofelementpenalty=\count296
\gre@space@count@hyphenpenalty=\count297
\gre@space@count@brokenpenalty=\count298
\gre@space@count@looseness=\count299
\gre@space@count@tolerance=\count300
\gre@space@count@pretolerance=\count301
\gre@space@count@widowpenalty=\count302
\gre@space@count@clubpenalty=\count303
\greconffactor=\count304
)
\gre@box@temp@width=\box54
\gre@box@initial=\box55
\gre@biginitial=\count305
\gre@knownline=\count306
\gre@box@annotation=\box56
\gre@box@add=\box57
\gre@box@old=\box58
\gre@count@annotationvalign=\count307
\gre@box@commentary=\box59
\gre@box@lines=\box60
Module gregoriotex Info: Registering variant font greciliae as gre@font@variant@
A. on input line 987
Module gregoriotex Info: Registering variant font greciliae-hollow as gre@font@v
ariant@B. on input line 987
Module gregoriotex Info: Registering variant font greciliae-hole as gre@font@var
iant@C. on input line 987
luaotfload | cache : Lookup cache loaded from /Users/riccardomarinelli/Library/A
pplication Support/MiKTeX/texmfs/data/luatex-cache/generic/names/luaotfload-look
up-cache.luc.
Module gregoriotex Info: Mapping font greciliae on input line 992
Module gregoriotex Info: Mapping font greciliae-hollow on input line 992
Module gregoriotex Info: Mapping font greciliae-hole on input line 992

("/Users/riccardomarinelli/Library/Application Support/MiKTeX/texmfs/install/te
x/luatex/gregoriotex/gregoriotex-chars.tex"
\gre@box@hep=\box61
)
("/Users/riccardomarinelli/Library/Application Support/MiKTeX/texmfs/install/te
x/luatex/gregoriotex/gregoriotex-signs.tex"
\gre@box@temp@clef=\box62
\gre@box@temp@cleftwo=\box63
\greslurheight=\dimen194
\gre@box@temp@sign=\box64
\gre@count@shiftaftermora=\count308
\gre@dimen@morawidth=\dimen195
\gre@skip@bar@lastskip=\skip84
\gre@count@lastglyphiscavum=\count309
)
("/Users/riccardomarinelli/Library/Application Support/MiKTeX/texmfs/install/te
x/luatex/gregoriotex/gregoriotex-syllable.tex"
\gre@generate@pointandclick=\count310
\gre@box@syllablenotes=\box65
\gre@box@syllabletext=\box66
\gre@clivisalignment=\count311
\gre@count@unbreakabletotalnotes=\count312
\gre@count@unbreakableinitialnotes=\count313
\gre@count@unbreakablefinalnotes=\count314
\gre@count@syllablenotes=\count315
)
\gre@variableheightexpansion=\count316
\gre@lastoflinecount=\count317
\gre@saved@prenlba@nobreakpenalty=\count318
\gre@saved@prenlba@endofwordpenalty=\count319
\gre@saved@prenlba@endofsyllablepenalty=\count320
\gre@saved@prenlba@endafterbarpenalty=\count321
\gre@saved@prenlba@endafterbaraltpenalty=\count322
\gre@saved@prenlba@endofelementpenalty=\count323
\gre@saved@prenlba@hyphenpenalty=\count324
\gre@lasteuouaeindex=\count325

("/Users/riccardomarinelli/Library/Application Support/MiKTeX/texmfs/install/te
x/luatex/gregoriotex/gregoriotex-symbols.tex"
Module gregoriotex Info: Registering variant font greextra as gre@font@variant@D
. on input line 53
)
\gre@dimen@stafflinethicknessbase=\dimen196
\gre@dimen@glyphraisebase=\dimen197
\gre@dimen@interstafflinedistancebase=\dimen198
\gre@dimen@inclinatumonlinemoravshiftbase=\dimen199
\gre@dimen@inclinatumonlinemorahshiftbase=\dimen256
\gre@dimen@inclinatumofflinemorahshiftbase=\dimen257

("/Users/riccardomarinelli/Library/Application Support/MiKTeX/texmfs/install/te
x/luatex/gregoriotex/gregoriotex-gsp-default.tex")
("/Users/riccardomarinelli/Library/Application Support/MiKTeX/texmfs/install/te
x/luatex/gregoriotex/gregoriotex-nabc.tex")))
("/Users/riccardomarinelli/Library/Application Support/MiKTeX/texmfs/install/te
x/generic/babel/babel.sty"
Package: babel 2021/10/19 3.65 The Babel package

("/Users/riccardomarinelli/Library/Application Support/MiKTeX/texmfs/install/te
x/generic/babel/luababel.def"
\bbl@readstream=\read3
\babelcatcodetablenum=\catcodetable15
\bbl@pattcodes=\catcodetable16
)
\babel@savecnt=\count326
\U@D=\dimen258
\l@unhyphenated=\language1

("/Users/riccardomarinelli/Library/Application Support/MiKTeX/texmfs/install/te
x/generic/babel/luababel.def"
\bbl@attr@locale=\attribute13
)
*************************************
* Local config file bblopts.cfg used
*

("/Users/riccardomarinelli/Library/Application Support/MiKTeX/texmfs/install/te
x/latex/arabi/bblopts.cfg"
File: bblopts.cfg 2005/09/08 v0.1 add Arabic and Farsi to "declared" options of
 babel
)
("/Users/riccardomarinelli/Library/Application Support/MiKTeX/texmfs/install/te
x/latex/babel-latin/latin.ldf"
Language: latin 2021-06-27 v4.0 Latin support from the babel system


Package babel Warning: No hyphenation patterns were preloaded for
(babel)                the language 'latin' into the format.
(babel)                Please, configure your TeX system to add them and
(babel)                rebuild the format. Now I will use the patterns
(babel)                preloaded for \language=0 instead on input line 62.

Package babel Info: Making " an active character on input line 135.
Package babel Info: No hyphenation patterns were set for
(babel)             language 'latin'. Reported on input line 782.
))
Module gregoriotex Info: capturing header commentary using grecommentary, string
=true, name=nil on input line 29
 (./Natale.aux
Package babel Info: No hyphenation patterns were set for
(babel)             language 'latin'. Reported on input line 6.
)
\openout1 = Natale.aux

LaTeX Font Info:    Checking defaults for OML/cmm/m/it on input line 34.
LaTeX Font Info:    ... okay on input line 34.
LaTeX Font Info:    Checking defaults for OMS/cmsy/m/n on input line 34.
LaTeX Font Info:    ... okay on input line 34.
LaTeX Font Info:    Checking defaults for OT1/cmr/m/n on input line 34.
LaTeX Font Info:    ... okay on input line 34.
LaTeX Font Info:    Checking defaults for T1/cmr/m/n on input line 34.
LaTeX Font Info:    ... okay on input line 34.
LaTeX Font Info:    Checking defaults for TS1/cmr/m/n on input line 34.
LaTeX Font Info:    Trying to load font information for TS1+cmr on input line 3
4.

("/Users/riccardomarinelli/Library/Application Support/MiKTeX/texmfs/install/te
x/latex/base/ts1cmr.fd"
File: ts1cmr.fd 2019/12/16 v2.5j Standard LaTeX font definitions
)
LaTeX Font Info:    ... okay on input line 34.
LaTeX Font Info:    Checking defaults for TU/lmr/m/n on input line 34.
LaTeX Font Info:    ... okay on input line 34.
LaTeX Font Info:    Checking defaults for OMX/cmex/m/n on input line 34.
LaTeX Font Info:    ... okay on input line 34.
LaTeX Font Info:    Checking defaults for U/cmr/m/n on input line 34.
LaTeX Font Info:    ... okay on input line 34.
Package scrbase Info: activating latin \contentsname on input line 34.
Package scrbase Info: activating latin \listfigurename on input line 34.
Package scrbase Info: activating latin \listtablename on input line 34.

Package fontspec Info: Adjusting the maths setup (use [no-math] to avoid
(fontspec)             this).

\symlegacymaths=\mathgroup4
LaTeX Font Info:    Overwriting symbol font `legacymaths' in version `bold'
(Font)                  OT1/cmr/m/n --> OT1/cmr/bx/n on input line 34.
LaTeX Font Info:    Redeclaring math accent \acute on input line 34.
LaTeX Font Info:    Redeclaring math accent \grave on input line 34.
LaTeX Font Info:    Redeclaring math accent \ddot on input line 34.
LaTeX Font Info:    Redeclaring math accent \tilde on input line 34.
LaTeX Font Info:    Redeclaring math accent \bar on input line 34.
LaTeX Font Info:    Redeclaring math accent \breve on input line 34.
LaTeX Font Info:    Redeclaring math accent \check on input line 34.
LaTeX Font Info:    Redeclaring math accent \hat on input line 34.
LaTeX Font Info:    Redeclaring math accent \dot on input line 34.
LaTeX Font Info:    Redeclaring math accent \mathring on input line 34.
LaTeX Font Info:    Redeclaring math symbol \colon on input line 34.
LaTeX Font Info:    Redeclaring math symbol \Gamma on input line 34.
LaTeX Font Info:    Redeclaring math symbol \Delta on input line 34.
LaTeX Font Info:    Redeclaring math symbol \Theta on input line 34.
LaTeX Font Info:    Redeclaring math symbol \Lambda on input line 34.
LaTeX Font Info:    Redeclaring math symbol \Xi on input line 34.
LaTeX Font Info:    Redeclaring math symbol \Pi on input line 34.
LaTeX Font Info:    Redeclaring math symbol \Sigma on input line 34.
LaTeX Font Info:    Redeclaring math symbol \Upsilon on input line 34.
LaTeX Font Info:    Redeclaring math symbol \Phi on input line 34.
LaTeX Font Info:    Redeclaring math symbol \Psi on input line 34.
LaTeX Font Info:    Redeclaring math symbol \Omega on input line 34.
LaTeX Font Info:    Redeclaring math symbol \mathdollar on input line 34.
LaTeX Font Info:    Redeclaring symbol font `operators' on input line 34.
LaTeX Font Info:    Encoding `OT1' has changed to `TU' for symbol font
(Font)              `operators' in the math version `normal' on input line 34.
LaTeX Font Info:    Overwriting symbol font `operators' in version `normal'
(Font)                  OT1/cmr/m/n --> TU/LinLibertine(0)/m/n on input line 34
.
LaTeX Font Info:    Encoding `OT1' has changed to `TU' for symbol font
(Font)              `operators' in the math version `bold' on input line 34.
LaTeX Font Info:    Overwriting symbol font `operators' in version `bold'
(Font)                  OT1/cmr/bx/n --> TU/LinLibertine(0)/m/n on input line 3
4.
LaTeX Font Info:    Overwriting symbol font `operators' in version `normal'
(Font)                  TU/LinLibertine(0)/m/n --> TU/LinLibertine(0)/m/n on in
put line 34.
LaTeX Font Info:    Overwriting math alphabet `\mathit' in version `normal'
(Font)                  OT1/cmr/m/it --> TU/LinLibertine(0)/m/it on input line 
34.
LaTeX Font Info:    Overwriting math alphabet `\mathbf' in version `normal'
(Font)                  OT1/cmr/bx/n --> TU/LinLibertine(0)/b/n on input line 3
4.
LaTeX Font Info:    Overwriting math alphabet `\mathsf' in version `normal'
(Font)                  OT1/cmss/m/n --> TU/LinBiolinum(0)/m/n on input line 34
.
LaTeX Font Info:    Overwriting math alphabet `\mathtt' in version `normal'
(Font)                  OT1/cmtt/m/n --> TU/LinLibertine(5)/m/n on input line 3
4.
LaTeX Font Info:    Overwriting symbol font `operators' in version `bold'
(Font)                  TU/LinLibertine(0)/m/n --> TU/LinLibertine(0)/b/n on in
put line 34.
LaTeX Font Info:    Overwriting math alphabet `\mathit' in version `bold'
(Font)                  OT1/cmr/bx/it --> TU/LinLibertine(0)/b/it on input line
 34.
LaTeX Font Info:    Overwriting math alphabet `\mathsf' in version `bold'
(Font)                  OT1/cmss/bx/n --> TU/LinBiolinum(0)/b/n on input line 3
4.
LaTeX Font Info:    Overwriting math alphabet `\mathtt' in version `bold'
(Font)                  OT1/cmtt/m/n --> TU/LinLibertine(5)/b/n on input line 3
4.

("/Users/riccardomarinelli/Library/Application Support/MiKTeX/texmfs/install/te
x/context/base/mkii/supp-pdf.mkii"
[Loading MPS to PDF converter (version 2006.09.02).]
\scratchcounter=\count327
\scratchdimen=\dimen259
\scratchbox=\box67
\nofMPsegments=\count328
\nofMParguments=\count329
\everyMPshowfont=\toks22
\MPscratchCnt=\count330
\MPscratchDim=\dimen260
\MPnumerator=\count331
\makeMPintoPDFobject=\count332
\everyMPtoPDFconversion=\toks23
)
("/Users/riccardomarinelli/Library/Application Support/MiKTeX/texmfs/install/te
x/latex/epstopdf-pkg/epstopdf-base.sty"
Package: epstopdf-base 2020-01-24 v2.11 Base part for package epstopdf

("/Users/riccardomarinelli/Library/Application Support/MiKTeX/texmfs/install/te
x/generic/infwarerr/infwarerr.sty"
Package: infwarerr 2019/12/03 v1.5 Providing info/warning/error messages (HO)
)
("/Users/riccardomarinelli/Library/Application Support/MiKTeX/texmfs/install/te
x/latex/grfext/grfext.sty"
Package: grfext 2019/12/03 v1.3 Manage graphics extensions (HO)

("/Users/riccardomarinelli/Library/Application Support/MiKTeX/texmfs/install/te
x/generic/kvdefinekeys/kvdefinekeys.sty"
Package: kvdefinekeys 2019-12-19 v1.6 Define keys (HO)
))
("/Users/riccardomarinelli/Library/Application Support/MiKTeX/texmfs/install/te
x/generic/pdftexcmds/pdftexcmds.sty"
Package: pdftexcmds 2020-06-27 v0.33 Utility functions of pdfTeX for LuaTeX (HO
)
Package pdftexcmds Info: \pdf@primitive is available.
Package pdftexcmds Info: \pdf@ifprimitive is available.
Package pdftexcmds Info: \pdfdraftmode found.
\pdftexcmds@toks=\toks24
)
Package epstopdf-base Info: Redefining graphics rule for `.eps' on input line 4
85.
Package grfext Info: Graphics extension search list:
(grfext)             [.pdf,.png,.jpg,.mps,.jpeg,.jbig2,.jb2,.PDF,.PNG,.JPG,.JPE
G,.JBIG2,.JB2,.eps]
(grfext)             \AppendGraphicsExtensions on input line 504.

("/Users/riccardomarinelli/Library/Application Support/MiKTeX/texmfs/install/te
x/latex/00miktex/epstopdf-sys.cfg"
File: epstopdf-sys.cfg 2021/03/18 v2.0 Configuration of epstopdf for MiKTeX
))
Package babel Info: No hyphenation patterns were set for
(babel)             language 'latin'. Reported on input line 34.
LaTeX Font Info:    Font shape `TU/LinBiolinum(0)/m/n' will be
(Font)              scaled to size 10.95pt on input line 36.
LaTeX Font Info:    Font shape `TU/LinBiolinum(0)/b/n' will be
(Font)              scaled to size 10.95pt on input line 36.
LaTeX Font Info:    Font shape `TU/LinLibertine(0)/m/n' will be
(Font)              scaled to size 20.74pt on input line 36.
LaTeX Font Info:    Font shape `TU/LinLibertine(0)/m/sc' will be
(Font)              scaled to size 20.74pt on input line 36.
Module gregoriotex Info: Looking in  on input line 43
Module gregoriotex Info: Found Credo_1.gabc directly on input line 43
Module gregoriotex Info: Looking in  on input line 43
Module gregoriotex Info: Found Credo_1-6_0_0.gtex directly on input line 43
 (./Credo_1-6_0_0.gtex
Removing  `luaotfload.harf.finalize_vlist' from `post_linebreak_filter'.
Inserting `gregoriotex.post_linebreak' at position 1 in `post_linebreak_filter'.
Inserting `luaotfload.harf.finalize_vlist' at position 2 in `post_linebreak_filt
er'.
Inserting `gregoriotex.disable_hyphenation' at position 1 in `hyphenate'.
LaTeX Font Info:    Font shape `TU/LinLibertine(0)/m/n' will be
(Font)              scaled to size 9.0pt on input line 12.
LaTeX Font Info:    Font shape `TU/LinLibertine(0)/m/it' will be
(Font)              scaled to size 9.0pt on input line 12.
LaTeX Font Info:    Font shape `TU/LinLibertine(0)/m/n' will be
(Font)              scaled to size 10.0pt on input line 12.
LaTeX Font Info:    Font shape `TU/LinLibertine(0)/b/n' will be
(Font)              scaled to size 10.0pt on input line 12.
LaTeX Font Info:    Font shape `TU/LinLibertine(0)/m/n' will be
(Font)              scaled to size 50.0pt on input line 12.
Removing  `gregoriotex.post_linebreak' from `post_linebreak_filter'.
Removing  `gregoriotex.disable_hyphenation' from `hyphenate'.)
LaTeX Font Info:    Font shape `TU/LinLibertine(0)/m/it' will be
(Font)              scaled to size 10.95pt on input line 46.
Module gregoriotex Info: Looking in  on input line 50
Module gregoriotex Info: Found Credo_2.gabc directly on input line 50
Module gregoriotex Info: Looking in  on input line 50
Module gregoriotex Info: Found Credo_2-6_0_0.gtex directly on input line 50

(./Credo_2-6_0_0.gtex
Removing  `luaotfload.harf.finalize_vlist' from `post_linebreak_filter'.
Inserting `gregoriotex.post_linebreak' at position 1 in `post_linebreak_filter'.
Inserting `luaotfload.harf.finalize_vlist' at position 2 in `post_linebreak_filt
er'.
Inserting `gregoriotex.disable_hyphenation' at position 1 in `hyphenate'. [1

{/Users/riccardomarinelli/Library/Application Support/MiKTeX/texmfs/data/pdftex/
config/pdftex.map}]
Removing  `gregoriotex.post_linebreak' from `post_linebreak_filter'.
Removing  `gregoriotex.disable_hyphenation' from `hyphenate'.) [2] (./Natale.au
x
Package babel Info: No hyphenation patterns were set for
(babel)             language 'latin'. Reported on input line 6.
))

Here is how much of LuaTeX's memory you used:
 36316 strings out of 478100
 381518,1144653 words of node,token memory allocated
 553 words of node memory still in use:
   4 hlist, 1 vlist, 1 rule, 2 glue, 3 kern, 3 glyph, 27 attribute, 62 glue_spec
, 6 attribute_list, 1 write, 1 user_defined nodes
   avail lists: 1:3,2:50077,3:5907,4:49,5:9009,6:639,7:8906,9:11473,10:40
 56267 multiletter control sequences out of 65536+600000
 70 fonts using 18683727 bytes
 108i,7n,110p,10600b,5401s stack positions out of 5000i,500n,10000p,200000b,80000s
Module gregoriotex Info: Writing Natale.gaux on input line 0
Module gregoriotex Warning: Line heights or variable brace lengths may have chan
ged. Rerun to fix. on input line 0
</Users/riccardomarinelli/Library/Application Support/MiKTeX/texmfs/install/font
s/opentype/public/libertine/LinLibertine_RI.otf></Users/riccardomarinelli/Librar
y/Application Support/MiKTeX/texmfs/install/fonts/truetype/public/gregoriotex/gr
eciliae.ttf></Users/riccardomarinelli/Library/Application Support/MiKTeX/texmfs/
install/fonts/opentype/public/libertine/LinLibertine_R.otf>
Output written on Natale.pdf (2 pages, 27804 bytes).

PDF statistics: 30 PDF objects out of 1000 (max. 8388607)
 0 named destinations out of 1000 (max. 131072)
 1 words of extra memory for PDF output out of 10000 (max. 100000000)

